<?xml version="1.0" encoding="UTF-8"?>
<!-- Generated by org.testng.reporters.JUnitReportReporter -->
<testsuite hostname="ahmed-Inspiron-N5010" name="com.yahoo.ycsb.db.ElasticSearchClientTest" tests="5" failures="0" timestamp="20 Dec 2014 12:47:48 GMT" time="0.004" errors="0">
  <testcase name="testRead" time="0.001" classname="com.yahoo.ycsb.db.ElasticSearchClientTest"/>
  <testcase name="testDelete" time="0.002" classname="com.yahoo.ycsb.db.ElasticSearchClientTest"/>
  <testcase name="testScan" time="0.000" classname="com.yahoo.ycsb.db.ElasticSearchClientTest"/>
  <testcase name="testUpdate" time="0.000" classname="com.yahoo.ycsb.db.ElasticSearchClientTest"/>
  <testcase name="testInsert" time="0.001" classname="com.yahoo.ycsb.db.ElasticSearchClientTest"/>
</testsuite>
