<?xml version="1.0" encoding="UTF-8"?>
<!-- Generated by org.testng.reporters.JUnitReportReporter -->
<<<<<<< HEAD
<testsuite hostname="ahmed-Inspiron-N5010" name="com.yahoo.ycsb.db.ElasticSearchClientTest" tests="5" failures="0" timestamp="10 Dec 2014 16:09:57 GMT" time="0.003" errors="0">
  <testcase name="testInsert" time="0.001" classname="com.yahoo.ycsb.db.ElasticSearchClientTest"/>
=======
<testsuite hostname="apegroup-argy" name="com.yahoo.ycsb.db.ElasticSearchClientTest" tests="5" failures="0" timestamp="11 Dec 2014 19:33:03 GMT" time="0.002" errors="0">
  <testcase name="testInsert" time="0.000" classname="com.yahoo.ycsb.db.ElasticSearchClientTest"/>
>>>>>>> 38c58b713b7be582d3be284c367c4e6041bb57f3
  <testcase name="testRead" time="0.000" classname="com.yahoo.ycsb.db.ElasticSearchClientTest"/>
  <testcase name="testDelete" time="0.001" classname="com.yahoo.ycsb.db.ElasticSearchClientTest"/>
  <testcase name="testUpdate" time="0.001" classname="com.yahoo.ycsb.db.ElasticSearchClientTest"/>
  <testcase name="testScan" time="0.000" classname="com.yahoo.ycsb.db.ElasticSearchClientTest"/>
</testsuite>
