<?xml version="1.0" encoding="UTF-8"?>
<!-- Generated by org.testng.reporters.JUnitReportReporter -->
<testsuite hostname="ada-Aspire-E1-472G" name="com.yahoo.ycsb.db.ElasticSearchClientTest" tests="5" failures="0" timestamp="13 Dec 2014 14:33:04 GMT" time="0.001" errors="0">
  <testcase name="testDelete" time="0.001" classname="com.yahoo.ycsb.db.ElasticSearchClientTest"/>
  <testcase name="testInsert" time="0.000" classname="com.yahoo.ycsb.db.ElasticSearchClientTest"/>
  <testcase name="testRead" time="0.000" classname="com.yahoo.ycsb.db.ElasticSearchClientTest"/>
  <testcase name="testScan" time="0.000" classname="com.yahoo.ycsb.db.ElasticSearchClientTest"/>
  <testcase name="testUpdate" time="0.000" classname="com.yahoo.ycsb.db.ElasticSearchClientTest"/>
</testsuite>
