<?xml version="1.0" encoding="UTF-8"?>
<!-- Generated by org.testng.reporters.JUnitReportReporter -->
<testsuite hostname="ahmed-Inspiron-N5010" name="com.yahoo.ycsb.TestByteIterator" tests="1" failures="0" timestamp="13 Dec 2014 17:36:55 GMT" time="0.022" errors="0">
  <testcase name="testRandomByteIterator" time="0.022" classname="com.yahoo.ycsb.TestByteIterator"/>
</testsuite>
