<?xml version="1.0" encoding="UTF-8"?>
<!-- Generated by org.testng.reporters.JUnitReportReporter -->
<testsuite hostname="apegroup-argy.local" name="com.yahoo.ycsb.TestByteIterator" tests="1" failures="0" timestamp="10 Dec 2014 20:22:43 GMT" time="0.007" errors="0">
  <testcase name="testRandomByteIterator" time="0.007" classname="com.yahoo.ycsb.TestByteIterator"/>
</testsuite>
