<?xml version="1.0" encoding="UTF-8"?>
<!-- Generated by org.testng.reporters.JUnitReportReporter -->
<testsuite hostname="jawad-VirtualBox" name="com.yahoo.ycsb.TestByteIterator" tests="1" failures="0" timestamp="7 Dec 2014 15:12:37 GMT" time="0.055" errors="0">
  <testcase name="testRandomByteIterator" time="0.055" classname="com.yahoo.ycsb.TestByteIterator"/>
</testsuite>
