<?xml version="1.0" encoding="UTF-8"?>
<!-- Generated by org.testng.reporters.JUnitReportReporter -->
<testsuite hostname="jawad-VirtualBox" name="com.yahoo.ycsb.TestByteIterator" tests="1" failures="0" timestamp="5 Jan 2015 16:20:27 GMT" time="0.049" errors="0">
  <testcase name="testRandomByteIterator" time="0.049" classname="com.yahoo.ycsb.TestByteIterator"/>
</testsuite>
