<?xml version="1.0" encoding="UTF-8" ?>
<<<<<<< HEAD
<<<<<<< HEAD
<testsuite failures="0" time="0.434" errors="0" skipped="0" tests="1" name="com.yahoo.ycsb.TestByteIterator">
  <properties>
    <property name="java.runtime.name" value="Java(TM) SE Runtime Environment"/>
    <property name="sun.boot.library.path" value="/usr/local/java/jdk1.7.0_71/jre/lib/amd64"/>
    <property name="java.vm.version" value="24.71-b01"/>
=======
<testsuite tests="1" failures="0" name="com.yahoo.ycsb.TestByteIterator" time="0.207" errors="0" skipped="0">
  <properties>
    <property name="java.runtime.name" value="Java(TM) SE Runtime Environment"/>
    <property name="sun.boot.library.path" value="/Library/Java/JavaVirtualMachines/jdk1.8.0_25.jdk/Contents/Home/jre/lib"/>
    <property name="java.vm.version" value="25.25-b02"/>
    <property name="user.country.format" value="SE"/>
    <property name="gopherProxySet" value="false"/>
>>>>>>> 38c58b713b7be582d3be284c367c4e6041bb57f3
=======
<testsuite failures="0" time="0.92" errors="0" skipped="0" tests="1" name="com.yahoo.ycsb.TestByteIterator">
  <properties>
    <property name="java.runtime.name" value="OpenJDK Runtime Environment"/>
    <property name="sun.boot.library.path" value="/usr/lib/jvm/java-7-openjdk-amd64/jre/lib/amd64"/>
    <property name="java.vm.version" value="24.65-b04"/>
>>>>>>> 2bb4eedfeed5a334ee421927f78472dc8aa5d504
    <property name="java.vm.vendor" value="Oracle Corporation"/>
    <property name="java.vendor.url" value="http://java.oracle.com/"/>
    <property name="path.separator" value=":"/>
    <property name="guice.disable.misplaced.annotation.check" value="true"/>
    <property name="java.vm.name" value="OpenJDK 64-Bit Server VM"/>
    <property name="file.encoding.pkg" value="sun.io"/>
    <property name="user.country" value="US"/>
    <property name="sun.java.launcher" value="SUN_STANDARD"/>
    <property name="sun.os.patch.level" value="unknown"/>
    <property name="java.vm.specification.name" value="Java Virtual Machine Specification"/>
<<<<<<< HEAD
<<<<<<< HEAD
    <property name="user.dir" value="/home/ahmed/ik2200/ycsb/YCSB-master"/>
    <property name="java.runtime.version" value="1.7.0_71-b14"/>
    <property name="java.awt.graphicsenv" value="sun.awt.X11GraphicsEnvironment"/>
    <property name="java.endorsed.dirs" value="/usr/local/java/jdk1.7.0_71/jre/lib/endorsed"/>
    <property name="os.arch" value="amd64"/>
    <property name="java.io.tmpdir" value="/tmp"/>
=======
    <property name="user.dir" value="/Users/anargyros.chatzaras/Documents/Development/Workspaces/Personal/ik2200/ycsb/YCSB-master"/>
    <property name="java.runtime.version" value="1.8.0_25-b17"/>
    <property name="java.awt.graphicsenv" value="sun.awt.CGraphicsEnvironment"/>
    <property name="java.endorsed.dirs" value="/Library/Java/JavaVirtualMachines/jdk1.8.0_25.jdk/Contents/Home/jre/lib/endorsed"/>
    <property name="os.arch" value="x86_64"/>
    <property name="java.io.tmpdir" value="/var/folders/s1/ks0j34h962v1n8xrvxvvyy4546b424/T/"/>
>>>>>>> 38c58b713b7be582d3be284c367c4e6041bb57f3
=======
    <property name="user.dir" value="/home/jawad/ik2200/ycsb/YCSB-master"/>
    <property name="java.runtime.version" value="1.7.0_65-b32"/>
    <property name="java.awt.graphicsenv" value="sun.awt.X11GraphicsEnvironment"/>
    <property name="java.endorsed.dirs" value="/usr/lib/jvm/java-7-openjdk-amd64/jre/lib/endorsed"/>
    <property name="os.arch" value="amd64"/>
    <property name="java.io.tmpdir" value="/tmp"/>
>>>>>>> 2bb4eedfeed5a334ee421927f78472dc8aa5d504
    <property name="line.separator" value="
"/>
    <property name="java.vm.specification.vendor" value="Oracle Corporation"/>
    <property name="os.name" value="Linux"/>
    <property name="classworlds.conf" value="/usr/share/maven/bin/m2.conf"/>
    <property name="sun.jnu.encoding" value="UTF-8"/>
<<<<<<< HEAD
<<<<<<< HEAD
    <property name="java.library.path" value="/usr/java/packages/lib/amd64:/usr/lib64:/lib64:/lib:/usr/lib"/>
=======
    <property name="java.library.path" value="/Users/anargyros.chatzaras/Library/Java/Extensions:/Library/Java/Extensions:/Network/Library/Java/Extensions:/System/Library/Java/Extensions:/usr/lib/java:."/>
>>>>>>> 38c58b713b7be582d3be284c367c4e6041bb57f3
=======
    <property name="java.library.path" value="/usr/java/packages/lib/amd64:/usr/lib/x86_64-linux-gnu/jni:/lib/x86_64-linux-gnu:/usr/lib/x86_64-linux-gnu:/usr/lib/jni:/lib:/usr/lib"/>
>>>>>>> 2bb4eedfeed5a334ee421927f78472dc8aa5d504
    <property name="java.specification.name" value="Java Platform API Specification"/>
    <property name="java.class.version" value="51.0"/>
    <property name="sun.management.compiler" value="HotSpot 64-Bit Tiered Compilers"/>
<<<<<<< HEAD
<<<<<<< HEAD
    <property name="os.version" value="3.13.0-40-generic"/>
    <property name="user.home" value="/home/ahmed"/>
=======
    <property name="os.version" value="10.9.5"/>
    <property name="user.home" value="/Users/anargyros.chatzaras"/>
>>>>>>> 38c58b713b7be582d3be284c367c4e6041bb57f3
=======
    <property name="os.version" value="3.13.0-32-generic"/>
    <property name="user.home" value="/home/jawad"/>
>>>>>>> 2bb4eedfeed5a334ee421927f78472dc8aa5d504
    <property name="user.timezone" value="Europe/Stockholm"/>
    <property name="java.awt.printerjob" value="sun.print.PSPrinterJob"/>
    <property name="file.encoding" value="UTF-8"/>
<<<<<<< HEAD
<<<<<<< HEAD
    <property name="java.specification.version" value="1.7"/>
    <property name="user.name" value="ahmed"/>
    <property name="java.class.path" value="/usr/share/maven/boot/plexus-classworlds-2.x.jar"/>
    <property name="java.vm.specification.version" value="1.7"/>
    <property name="sun.arch.data.model" value="64"/>
    <property name="java.home" value="/usr/local/java/jdk1.7.0_71/jre"/>
=======
    <property name="user.name" value="anargyros.chatzaras"/>
    <property name="java.class.path" value="/usr/local/apache-maven/apache-maven-3.0.5//boot/plexus-classworlds-2.4.jar"/>
    <property name="java.vm.specification.version" value="1.8"/>
    <property name="sun.arch.data.model" value="64"/>
    <property name="java.home" value="/Library/Java/JavaVirtualMachines/jdk1.8.0_25.jdk/Contents/Home/jre"/>
>>>>>>> 38c58b713b7be582d3be284c367c4e6041bb57f3
=======
    <property name="java.specification.version" value="1.7"/>
    <property name="user.name" value="jawad"/>
    <property name="java.class.path" value="/usr/share/maven/boot/plexus-classworlds-2.x.jar"/>
    <property name="java.vm.specification.version" value="1.7"/>
    <property name="sun.arch.data.model" value="64"/>
    <property name="java.home" value="/usr/lib/jvm/java-7-openjdk-amd64/jre"/>
>>>>>>> 2bb4eedfeed5a334ee421927f78472dc8aa5d504
    <property name="sun.java.command" value="org.codehaus.plexus.classworlds.launcher.Launcher clean package"/>
    <property name="java.specification.vendor" value="Oracle Corporation"/>
    <property name="user.language" value="en"/>
    <property name="awt.toolkit" value="sun.awt.X11.XToolkit"/>
    <property name="java.vm.info" value="mixed mode"/>
<<<<<<< HEAD
<<<<<<< HEAD
    <property name="java.version" value="1.7.0_71"/>
    <property name="java.ext.dirs" value="/usr/local/java/jdk1.7.0_71/jre/lib/ext:/usr/java/packages/lib/ext"/>
    <property name="securerandom.source" value="file:/dev/./urandom"/>
    <property name="sun.boot.class.path" value="/usr/local/java/jdk1.7.0_71/jre/lib/resources.jar:/usr/local/java/jdk1.7.0_71/jre/lib/rt.jar:/usr/local/java/jdk1.7.0_71/jre/lib/sunrsasign.jar:/usr/local/java/jdk1.7.0_71/jre/lib/jsse.jar:/usr/local/java/jdk1.7.0_71/jre/lib/jce.jar:/usr/local/java/jdk1.7.0_71/jre/lib/charsets.jar:/usr/local/java/jdk1.7.0_71/jre/lib/jfr.jar:/usr/local/java/jdk1.7.0_71/jre/classes"/>
=======
    <property name="java.version" value="1.8.0_25"/>
    <property name="java.ext.dirs" value="/Users/anargyros.chatzaras/Library/Java/Extensions:/Library/Java/JavaVirtualMachines/jdk1.8.0_25.jdk/Contents/Home/jre/lib/ext:/Library/Java/Extensions:/Network/Library/Java/Extensions:/System/Library/Java/Extensions:/usr/lib/java"/>
    <property name="sun.boot.class.path" value="/Library/Java/JavaVirtualMachines/jdk1.8.0_25.jdk/Contents/Home/jre/lib/resources.jar:/Library/Java/JavaVirtualMachines/jdk1.8.0_25.jdk/Contents/Home/jre/lib/rt.jar:/Library/Java/JavaVirtualMachines/jdk1.8.0_25.jdk/Contents/Home/jre/lib/sunrsasign.jar:/Library/Java/JavaVirtualMachines/jdk1.8.0_25.jdk/Contents/Home/jre/lib/jsse.jar:/Library/Java/JavaVirtualMachines/jdk1.8.0_25.jdk/Contents/Home/jre/lib/jce.jar:/Library/Java/JavaVirtualMachines/jdk1.8.0_25.jdk/Contents/Home/jre/lib/charsets.jar:/Library/Java/JavaVirtualMachines/jdk1.8.0_25.jdk/Contents/Home/jre/lib/jfr.jar:/Library/Java/JavaVirtualMachines/jdk1.8.0_25.jdk/Contents/Home/jre/classes"/>
>>>>>>> 38c58b713b7be582d3be284c367c4e6041bb57f3
=======
    <property name="java.version" value="1.7.0_65"/>
    <property name="java.ext.dirs" value="/usr/lib/jvm/java-7-openjdk-amd64/jre/lib/ext:/usr/java/packages/lib/ext"/>
    <property name="securerandom.source" value="file:/dev/./urandom"/>
    <property name="sun.boot.class.path" value="/usr/lib/jvm/java-7-openjdk-amd64/jre/lib/resources.jar:/usr/lib/jvm/java-7-openjdk-amd64/jre/lib/rt.jar:/usr/lib/jvm/java-7-openjdk-amd64/jre/lib/sunrsasign.jar:/usr/lib/jvm/java-7-openjdk-amd64/jre/lib/jsse.jar:/usr/lib/jvm/java-7-openjdk-amd64/jre/lib/jce.jar:/usr/lib/jvm/java-7-openjdk-amd64/jre/lib/charsets.jar:/usr/lib/jvm/java-7-openjdk-amd64/jre/lib/rhino.jar:/usr/lib/jvm/java-7-openjdk-amd64/jre/lib/jfr.jar:/usr/lib/jvm/java-7-openjdk-amd64/jre/classes"/>
>>>>>>> 2bb4eedfeed5a334ee421927f78472dc8aa5d504
    <property name="java.vendor" value="Oracle Corporation"/>
    <property name="maven.home" value="/usr/share/maven"/>
    <property name="file.separator" value="/"/>
    <property name="java.vendor.url.bug" value="http://bugreport.sun.com/bugreport/"/>
    <property name="sun.cpu.endian" value="little"/>
    <property name="sun.io.unicode.encoding" value="UnicodeLittle"/>
    <property name="sun.desktop" value="gnome"/>
    <property name="sun.cpu.isalist" value=""/>
  </properties>
<<<<<<< HEAD
<<<<<<< HEAD
  <testcase time="0.022" classname="com.yahoo.ycsb.TestByteIterator" name="testRandomByteIterator"/>
=======
  <testcase classname="com.yahoo.ycsb.TestByteIterator" name="testRandomByteIterator" time="0.007"/>
>>>>>>> 38c58b713b7be582d3be284c367c4e6041bb57f3
=======
  <testcase time="0.023" classname="com.yahoo.ycsb.TestByteIterator" name="testRandomByteIterator"/>
>>>>>>> 2bb4eedfeed5a334ee421927f78472dc8aa5d504
</testsuite>